Note: You are using GPU for training
Namespace(batch_size=32, birnn=True, clip_gradient=0.6, cuda=True, d_embed=300, d_hidden=360, data_cache='/u/s43mohammed/dev/BuboQA/yin_ampcnn/active_entity_linking/data_cache', dev=False, dev_every=100, dropout_prob=0.35, epochs=30, fix_emb=True, gpu=0, log_every=50, lr=0.0001, n_cells=8, n_embed=60913, n_layers=4, n_out=4, patience=5, results_path='results', resume_snapshot=None, rnn_type='lstm', save_every=4500, save_path='saved_checkpoints', seed=1111, test=False, trained_model='', vector_cache='/u/s43mohammed/dev/BuboQA/yin_ampcnn/active_entity_linking/vector_cache/input_vectors.pt', word_vectors='glove.42B')
Shift model to GPU
  Time Epoch Iteration Progress    (%Epoch)   Loss       Accuracy  Dev/Accuracy
     5     1        50    50/2359        2% 0.340834       6.5625
    16     1       100   100/2359        4% 0.235334       9.4375      15.8794
Dev Precision:  30.407934% Recall:  15.320072% F1 Score:  20.374898%
    20     1       150   150/2359        6% 0.216837      17.8542
    30     1       200   200/2359        8% 0.249135      24.7188      36.4362
Dev Precision:  36.861178% Recall:  37.399830% F1 Score:  37.128551%
    35     1       250   250/2359       11% 0.145317      30.5375
    45     1       300   300/2359       13% 0.163358      34.8229      61.7262
Dev Precision:  61.750945% Recall:  64.702555% F1 Score:  63.192302%
    49     1       350   350/2359       15% 0.190175      38.6250
    60     1       400   400/2359       17% 0.084594      41.7344      67.3039
Dev Precision:  67.476567% Recall:  69.906665% F1 Score:  68.670124%
    65     1       450   450/2359       19% 0.129520      44.3194
    75     1       500   500/2359       21% 0.098223      46.4500      69.6334
Dev Precision:  69.322171% Recall:  72.602998% F1 Score:  70.924664%
    80     1       550   550/2359       23% 0.129436      48.4489
    90     1       600   600/2359       25% 0.142715      50.0052      73.0209
Dev Precision:  72.529343% Recall:  76.317526% F1 Score:  74.375230%
    94     1       650   650/2359       28% 0.071441      51.4904
   105     1       700   700/2359       30% 0.129060      52.8348      70.8121
Dev Precision:  70.709736% Recall:  73.262940% F1 Score:  71.963699%
   109     1       750   750/2359       32% 0.123096      54.1083
   119     1       800   800/2359       34% 0.065407      55.2617      71.3968
Dev Precision:  70.784701% Recall:  74.328274% F1 Score:  72.513221%
   124     1       850   850/2359       36% 0.104057      56.3419
   133     1       900   900/2359       38% 0.105902      57.1389      75.3411
Dev Precision:  74.874687% Recall:  78.863015% F1 Score:  76.817117%
   138     1       950   950/2359       40% 0.095837      57.9803
   148     1      1000  1000/2359       42% 0.062017      58.7656      75.0719
Dev Precision:  74.220151% Recall:  78.061657% F1 Score:  76.092450%
   152     1      1050  1050/2359       45% 0.089216      59.3899
   163     1      1100  1100/2359       47% 0.076389      60.0852      76.4733
Dev Precision:  75.451967% Recall:  80.267748% F1 Score:  77.785391%
   168     1      1150  1150/2359       49% 0.036025      60.7690
   178     1      1200  1200/2359       51% 0.229384      61.3255      77.3457
Dev Precision:  77.085771% Recall:  80.748562% F1 Score:  78.874666%
   183     1      1250  1250/2359       53% 0.102669      61.9150
   193     1      1300  1300/2359       55% 0.094458      62.4014      76.8074
Dev Precision:  75.889009% Recall:  79.673800% F1 Score:  77.735363%
   197     1      1350  1350/2359       57% 0.058517      62.9306
   206     1      1400  1400/2359       59% 0.118364      63.4196      77.9304
Dev Precision:  77.773733% Recall:  80.560008% F1 Score:  79.142354%
   210     1      1450  1450/2359       61% 0.068601      63.9138
   219     1      1500  1500/2359       64% 0.173757      64.3604      74.6729
Dev Precision:  74.469453% Recall:  76.421231% F1 Score:  75.432719%
   224     1      1550  1550/2359       66% 0.120610      64.7742
   233     1      1600  1600/2359       68% 0.069967      65.1406      78.3387
Dev Precision:  77.623512% Recall:  81.172810% F1 Score:  79.358496%
   236     1      1650  1650/2359       70% 0.063869      65.4905
   246     1      1700  1700/2359       72% 0.038350      65.8199      78.3759
Dev Precision:  77.430618% Recall:  81.540492% F1 Score:  79.432429%
   250     1      1750  1750/2359       74% 0.177886      66.1750
   259     1      1800  1800/2359       76% 0.135518      66.4740      79.3039
Dev Precision:  78.323256% Recall:  81.823324% F1 Score:  80.035042%
   263     1      1850  1850/2359       78% 0.086597      66.7804
   272     1      1900  1900/2359       81% 0.116377      67.0691      79.6752
Dev Precision:  78.983604% Recall:  82.200434% F1 Score:  80.559919%
   276     1      1950  1950/2359       83% 0.101724      67.3237
   286     1      2000  2000/2359       85% 0.040498      67.5984      79.2390
Dev Precision:  78.988397% Recall:  82.153295% F1 Score:  80.539766%
   290     1      2050  2050/2359       87% 0.090621      67.8460
   299     1      2100  2100/2359       89% 0.142258      68.0893      79.6752
Dev Precision:  79.283772% Recall:  82.445555% F1 Score:  80.833757%
   303     1      2150  2150/2359       91% 0.057056      68.3256
   312     1      2200  2200/2359       93% 0.051820      68.5511      79.3132
Dev Precision:  78.755815% Recall:  81.399076% F1 Score:  80.055633%
   315     1      2250  2250/2359       95% 0.105989      68.7569
   325     1      2300  2300/2359       97% 0.079858      69.0177      80.6589
Dev Precision:  80.209936% Recall:  83.567455% F1 Score:  81.854280%
   330     1      2350  2350/2359      100% 0.044716      69.2048
   339     2      2400    41/2359        2% 0.081860      81.6311      79.7587
Dev Precision:  79.408262% Recall:  81.729047% F1 Score:  80.551942%
   343     2      2450    91/2359        4% 0.048736      80.7005
   352     2      2500   141/2359        6% 0.100719      81.0505      80.3805
Dev Precision:  80.045788% Recall:  82.407844% F1 Score:  81.209644%
   356     2      2550   191/2359        8% 0.031408      80.6446
   366     2      2600   241/2359       10% 0.077552      80.5628      81.1694
Dev Precision:  80.913091% Recall:  83.209201% F1 Score:  82.045085%
   370     2      2650   291/2359       12% 0.076845      80.5627
   380     2      2700   341/2359       14% 0.054470      80.6177      81.2343
Dev Precision:  80.915891% Recall:  83.624022% F1 Score:  82.247670%
   385     2      2750   391/2359       17% 0.046803      80.9063
   394     2      2800   441/2359       19% 0.093959      80.9666      80.9002
Dev Precision:  80.072464% Recall:  83.341190% F1 Score:  81.674135%
   397     2      2850   491/2359       21% 0.067664      81.1100
   407     2      2900   541/2359       23% 0.073657      81.0940      81.2343
Dev Precision:  80.670432% Recall:  83.492034% F1 Score:  82.056984%
   410     2      2950   591/2359       25% 0.030902      81.0808
   420     2      3000   641/2359       27% 0.088703      81.0501      81.8376
Dev Precision:  81.376481% Recall:  84.161403% F1 Score:  82.745516%
   424     2      3050   691/2359       29% 0.053318      81.2093
   434     2      3100   741/2359       31% 0.086747      81.2036      82.0696
Dev Precision:  81.606147% Recall:  84.114264% F1 Score:  82.841226%
   439     2      3150   791/2359       34% 0.084665      81.1828
   449     2      3200   841/2359       36% 0.116645      81.2054      82.0789
Dev Precision:  81.610555% Recall:  84.557368% F1 Score:  83.057832%
   453     2      3250   891/2359       38% 0.044297      81.3026
   464     2      3300   941/2359       40% 0.092249      81.3828      82.4316
Dev Precision:  82.090509% Recall:  84.481946% F1 Score:  83.269061%
Dataset: ../data/SimpleQuestions_v2_augmented/all.txt
Index - Entity: ../indexes/entity_2M.pkl
Index - Reachability: ../indexes/reachability_2M.pkl
Index - Names: ../indexes/names_2M.pkl
Entity Detection Results: query-text/
Hits: 20
Output: linking-results
--------------------------------------------------------------------------------
getting questions...
loading index from: ../indexes/entity_2M.pkl
loading index from: ../indexes/reachability_2M.pkl
loading index from: ../indexes/names_2M.pkl
getting query texts...
notfound (empty query text): 0
line 0
line 1000
line 2000
line 3000
line 4000
line 5000
line 6000
line 7000
line 8000
line 9000
line 10000
line 11000
line 12000
line 13000
line 14000
line 15000
line 16000
line 17000
line 18000
line 19000
line 20000
line 21000
line 22000
line 23000
line 24000
line 25000
line 26000
line 27000
line 28000
line 29000
line 30000
line 31000
line 32000
line 33000
line 34000
line 35000
line 36000
line 37000
line 38000
line 39000
line 40000
line 41000
line 42000
line 43000
line 44000
line 45000
line 46000
line 47000
line 48000
line 49000
line 50000
line 51000
line 52000
line 53000
line 54000
line 55000
line 56000
line 57000
line 58000
line 59000
line 60000
line 61000
line 62000
line 63000
line 64000
line 65000
line 66000
line 67000
line 68000
line 69000
line 70000
line 71000
line 72000
line 73000
line 74000
line 75000
getting query texts...
notfound (empty query text): 0
line 0
line 1000
line 2000
line 3000
line 4000
line 5000
line 6000
line 7000
line 8000
line 9000
line 10000
getting query texts...
notfound (empty query text): 0
line 0
line 1000
line 2000
line 3000
line 4000
line 5000
line 6000
line 7000
line 8000
line 9000
line 10000
line 11000
line 12000
line 13000
line 14000
line 15000
line 16000
line 17000
line 18000
line 19000
line 20000
line 21000
Active Entity Linking done.
Dataset: ../data/SimpleQuestions_v2_augmented/all.txt
Index - Entity: ../indexes/entity_2M.pkl
Index - Reachability: ../indexes/reachability_2M.pkl
Index - Names: ../indexes/names_2M.pkl
Entity Detection Results: query-text/
Hits: 5
Output: linking-results
--------------------------------------------------------------------------------
getting questions...
loading index from: ../indexes/entity_2M.pkl
loading index from: ../indexes/reachability_2M.pkl
loading index from: ../indexes/names_2M.pkl
getting query texts...
notfound (empty query text): 0
line 0
line 1000
line 2000
line 3000
line 4000
line 5000
line 6000
line 7000
line 8000
line 9000
line 10000
line 11000
line 12000
line 13000
line 14000
line 15000
line 16000
line 17000
line 18000
line 19000
line 20000
line 21000
line 22000
line 23000
line 24000
line 25000
line 26000
line 27000
line 28000
line 29000
line 30000
line 31000
line 32000
line 33000
line 34000
line 35000
line 36000
line 37000
line 38000
line 39000
line 40000
line 41000
line 42000
line 43000
line 44000
line 45000
line 46000
line 47000
line 48000
line 49000
line 50000
line 51000
line 52000
line 53000
line 54000
line 55000
line 56000
line 57000
line 58000
line 59000
line 60000
line 61000
line 62000
line 63000
line 64000
line 65000
line 66000
line 67000
line 68000
line 69000
line 70000
line 71000
line 72000
line 73000
line 74000
line 75000
getting query texts...
notfound (empty query text): 0
line 0
line 1000
line 2000
line 3000
line 4000
line 5000
line 6000
line 7000
line 8000
line 9000
line 10000
getting query texts...
notfound (empty query text): 0
line 0
line 1000
line 2000
line 3000
line 4000
line 5000
line 6000
line 7000
line 8000
line 9000
line 10000
line 11000
line 12000
line 13000
line 14000
line 15000
line 16000
line 17000
line 18000
line 19000
line 20000
line 21000
Active Entity Linking done.
Dataset: ../data/SimpleQuestions_v2_augmented/all.txt
Index - Entity: ../indexes/entity_2M.pkl
Index - Reachability: ../indexes/reachability_2M.pkl
Index - Names: ../indexes/names_2M.pkl
Entity Detection Results: query-text/
Hits: 50
Output: linking-results
--------------------------------------------------------------------------------
getting questions...
loading index from: ../indexes/entity_2M.pkl
loading index from: ../indexes/reachability_2M.pkl
loading index from: ../indexes/names_2M.pkl
getting query texts...
notfound (empty query text): 0
line 0
line 1000
line 2000
line 3000
line 4000
line 5000
line 6000
line 7000
line 8000
line 9000
line 10000
line 11000
line 12000
line 13000
line 14000
line 15000
line 16000
line 17000
line 18000
line 19000
line 20000
line 21000
line 22000
line 23000
line 24000
line 25000
line 26000
line 27000
line 28000
line 29000
line 30000
line 31000
line 32000
line 33000
line 34000
line 35000
line 36000
line 37000
line 38000
line 39000
line 40000
line 41000
line 42000
line 43000
line 44000
line 45000
line 46000
line 47000
line 48000
line 49000
line 50000
line 51000
line 52000
line 53000
line 54000
line 55000
line 56000
line 57000
line 58000
line 59000
line 60000
line 61000
line 62000
line 63000
line 64000
line 65000
line 66000
line 67000
line 68000
line 69000
line 70000
line 71000
line 72000
line 73000
line 74000
line 75000
getting query texts...
notfound (empty query text): 0
line 0
line 1000
line 2000
line 3000
line 4000
line 5000
line 6000
line 7000
line 8000
line 9000
line 10000
getting query texts...
notfound (empty query text): 0
line 0
line 1000
line 2000
line 3000
line 4000
line 5000
line 6000
line 7000
line 8000
line 9000
line 10000
line 11000
line 12000
line 13000
line 14000
line 15000
line 16000
line 17000
line 18000
line 19000
line 20000
line 21000
Active Entity Linking done.
Dataset: ../data/SimpleQuestions_v2_augmented/all.txt
Index - Entity: ../indexes/entity_2M.pkl
Index - Reachability: ../indexes/reachability_2M.pkl
Index - Names: ../indexes/names_2M.pkl
Entity Detection Results: query-text/
Hits: 100
Output: linking-results
--------------------------------------------------------------------------------
getting questions...
loading index from: ../indexes/entity_2M.pkl
loading index from: ../indexes/reachability_2M.pkl
loading index from: ../indexes/names_2M.pkl
getting query texts...
notfound (empty query text): 0
line 0
line 1000
line 2000
line 3000
line 4000
line 5000
line 6000
line 7000
line 8000
line 9000
line 10000
line 11000
line 12000
line 13000
line 14000
line 15000
line 16000
line 17000
line 18000
line 19000
line 20000
line 21000
line 22000
line 23000
line 24000
line 25000
line 26000
line 27000
line 28000
line 29000
line 30000
line 31000
line 32000
line 33000
line 34000
line 35000
line 36000
line 37000
line 38000
line 39000
line 40000
line 41000
line 42000
line 43000
line 44000
line 45000
line 46000
line 47000
line 48000
line 49000
line 50000
line 51000
line 52000
line 53000
line 54000
line 55000
line 56000
line 57000
line 58000
line 59000
line 60000
line 61000
line 62000
line 63000
line 64000
line 65000
line 66000
line 67000
line 68000
line 69000
line 70000
line 71000
line 72000
line 73000
line 74000
line 75000
getting query texts...
notfound (empty query text): 0
line 0
line 1000
line 2000
line 3000
line 4000
line 5000
line 6000
line 7000
line 8000
line 9000
line 10000
getting query texts...
notfound (empty query text): 0
line 0
line 1000
line 2000
line 3000
line 4000
line 5000
line 6000
line 7000
line 8000
line 9000
line 10000
line 11000
line 12000
line 13000
line 14000
line 15000
line 16000
line 17000
line 18000
line 19000
line 20000
line 21000
Active Entity Linking done.
